{"/Users/vnues/我的开源项目/react-ssr/config/pro-config.js": {"path":"/Users/vnues/我的开源项目/react-ssr/config/pro-config.js","statementMap":{"0":{"start":{"line":1,"column":0},"end":{"line":6,"column":1}}},"fnMap":{},"branchMap":{},"s":{"0":1},"f":{},"b":{},"_coverageSchema":"1a1c01bbd47fc00a2c39e90264f33305004495a9","hash":"ddd4e9c51c13e68a32a8c04eadd82812a5df9d92"}
,"/Users/vnues/我的开源项目/react-ssr/src/client/components/asyncBundle/index.tsx": {"path":"/Users/vnues/我的开源项目/react-ssr/src/client/components/asyncBundle/index.tsx","statementMap":{"0":{"start":{"line":20,"column":10},"end":{"line":22,"column":3}},"1":{"start":{"line":25,"column":20},"end":{"line":25,"column":30}},"2":{"start":{"line":26,"column":4},"end":{"line":28,"column":5}},"3":{"start":{"line":27,"column":6},"end":{"line":27,"column":27}},"4":{"start":{"line":32,"column":4},"end":{"line":34,"column":6}},"5":{"start":{"line":35,"column":4},"end":{"line":40,"column":6}},"6":{"start":{"line":36,"column":6},"end":{"line":39,"column":8}},"7":{"start":{"line":44,"column":20},"end":{"line":44,"column":30}},"8":{"start":{"line":45,"column":25},"end":{"line":45,"column":35}},"9":{"start":{"line":46,"column":4},"end":{"line":46,"column":52}}},"fnMap":{"0":{"name":"(anonymous_0)","decl":{"start":{"line":24,"column":2},"end":{"line":24,"column":3}},"loc":{"start":{"line":24,"column":22},"end":{"line":29,"column":3}},"line":24},"1":{"name":"(anonymous_1)","decl":{"start":{"line":31,"column":2},"end":{"line":31,"column":3}},"loc":{"start":{"line":31,"column":19},"end":{"line":41,"column":3}},"line":31},"2":{"name":"(anonymous_2)","decl":{"start":{"line":35,"column":22},"end":{"line":35,"column":23}},"loc":{"start":{"line":35,"column":36},"end":{"line":40,"column":5}},"line":35},"3":{"name":"(anonymous_3)","decl":{"start":{"line":43,"column":2},"end":{"line":43,"column":3}},"loc":{"start":{"line":43,"column":11},"end":{"line":47,"column":3}},"line":43}},"branchMap":{"0":{"loc":{"start":{"line":26,"column":4},"end":{"line":28,"column":5}},"type":"if","locations":[{"start":{"line":26,"column":4},"end":{"line":28,"column":5}},{"start":{"line":26,"column":4},"end":{"line":28,"column":5}}],"line":26},"1":{"loc":{"start":{"line":38,"column":13},"end":{"line":38,"column":44}},"type":"cond-expr","locations":[{"start":{"line":38,"column":27},"end":{"line":38,"column":38}},{"start":{"line":38,"column":41},"end":{"line":38,"column":44}}],"line":38},"2":{"loc":{"start":{"line":46,"column":11},"end":{"line":46,"column":52}},"type":"cond-expr","locations":[{"start":{"line":46,"column":17},"end":{"line":46,"column":30}},{"start":{"line":46,"column":33},"end":{"line":46,"column":52}}],"line":46}},"s":{"0":0,"1":0,"2":0,"3":0,"4":0,"5":0,"6":0,"7":0,"8":0,"9":0},"f":{"0":0,"1":0,"2":0,"3":0},"b":{"0":[0,0],"1":[0,0],"2":[0,0]},"_coverageSchema":"1a1c01bbd47fc00a2c39e90264f33305004495a9","hash":"60d5bab5643d7ef22af30ebff3c4e521f44ea69f"}
,"/Users/vnues/我的开源项目/react-ssr/src/client/components/asyncLoader/index.tsx": {"path":"/Users/vnues/我的开源项目/react-ssr/src/client/components/asyncLoader/index.tsx","statementMap":{"0":{"start":{"line":6,"column":23},"end":{"line":8,"column":3}},"1":{"start":{"line":7,"column":4},"end":{"line":7,"column":81}},"2":{"start":{"line":7,"column":47},"end":{"line":7,"column":66}},"3":{"start":{"line":10,"column":2},"end":{"line":10,"column":45}},"4":{"start":{"line":12,"column":2},"end":{"line":12,"column":16}}},"fnMap":{"0":{"name":"AsyncLoader","decl":{"start":{"line":5,"column":9},"end":{"line":5,"column":20}},"loc":{"start":{"line":5,"column":34},"end":{"line":13,"column":1}},"line":5},"1":{"name":"(anonymous_1)","decl":{"start":{"line":6,"column":23},"end":{"line":6,"column":24}},"loc":{"start":{"line":7,"column":4},"end":{"line":7,"column":81}},"line":7},"2":{"name":"(anonymous_2)","decl":{"start":{"line":7,"column":32},"end":{"line":7,"column":33}},"loc":{"start":{"line":7,"column":47},"end":{"line":7,"column":66}},"line":7}},"branchMap":{},"s":{"0":1,"1":1,"2":0,"3":1,"4":1},"f":{"0":1,"1":1,"2":0},"b":{},"_coverageSchema":"1a1c01bbd47fc00a2c39e90264f33305004495a9","hash":"85f95c48230e7d1682c6a55dae16c377fdedc8f3"}
,"/Users/vnues/我的开源项目/react-ssr/src/client/components/loading/index.tsx": {"path":"/Users/vnues/我的开源项目/react-ssr/src/client/components/loading/index.tsx","statementMap":{"0":{"start":{"line":4,"column":2},"end":{"line":4,"column":53}}},"fnMap":{"0":{"name":"LoadingComponent","decl":{"start":{"line":3,"column":24},"end":{"line":3,"column":40}},"loc":{"start":{"line":3,"column":43},"end":{"line":5,"column":1}},"line":3}},"branchMap":{},"s":{"0":0},"f":{"0":0},"b":{},"_coverageSchema":"1a1c01bbd47fc00a2c39e90264f33305004495a9","hash":"606bf90d985c502dc4eec36a790345f6369bb311"}
}
