TN:
SF:src/client/components/asyncBundle/index.tsx
FN:24,(anonymous_0)
FN:31,(anonymous_1)
FN:35,(anonymous_2)
FN:43,(anonymous_3)
FNF:4
FNH:4
FNDA:2,(anonymous_0)
FNDA:2,(anonymous_1)
FNDA:2,(anonymous_2)
FNDA:4,(anonymous_3)
DA:20,2
DA:25,2
DA:26,2
DA:27,2
DA:32,2
DA:35,2
DA:36,2
DA:44,4
DA:45,4
DA:46,4
LF:10
LH:10
BRDA:26,0,0,2
BRDA:26,0,1,0
BRDA:38,1,0,0
BRDA:38,1,1,1
BRDA:46,2,0,1
BRDA:46,2,1,3
BRF:6
BRH:4
end_of_record
TN:
SF:src/client/components/loading/index.tsx
FN:3,LoadingComponent
FNF:1
FNH:1
FNDA:4,LoadingComponent
DA:4,4
LF:1
LH:1
BRF:0
BRH:0
end_of_record
